<?xml version="1.0" encoding="UTF-8"?><testsuite failures="0" name="cucumber.runtime.formatter.JUnitFormatter" skipped="0" tests="1" time="5.764834">
<testcase classname="search google" name="direct search page" time="5.764834">
<system-out><![CDATA[Given Enter search term.....................................................passed
When Do search..............................................................passed
Then Results are shown for..................................................passed
]]></system-out>
</testcase>
</testsuite>
